<?xml version="1.0" encoding="UTF-8"?>
<coverage generated="1595755140724" clover="3.2.0">
  <project timestamp="1595755140724" name="All files">
    <metrics statements="29" coveredstatements="29" conditionals="18" coveredconditionals="14" methods="7" coveredmethods="7" elements="54" coveredelements="50" complexity="0" loc="29" ncloc="29" packages="2" files="2" classes="2"/>
    <package name="dist.js">
      <metrics statements="20" coveredstatements="20" conditionals="14" coveredconditionals="10" methods="6" coveredmethods="6"/>
      <file name="app.js" path="E:\IT_and_programing\Frontend\8.0_Homeworks\Task_7.1\dist\js\app.js">
        <metrics statements="20" coveredstatements="20" conditionals="14" coveredconditionals="10" methods="6" coveredmethods="6"/>
        <line num="1" count="1" type="stmt"/>
        <line num="3" count="1" type="stmt"/>
        <line num="5" count="1" type="stmt"/>
        <line num="7" count="1" type="stmt"/>
        <line num="10" count="1" type="stmt"/>
        <line num="12" count="1" type="cond" truecount="1" falsecount="1"/>
        <line num="14" count="1" type="cond" truecount="3" falsecount="1"/>
        <line num="16" count="1" type="cond" truecount="2" falsecount="2"/>
        <line num="18" count="1" type="stmt"/>
        <line num="20" count="1" type="stmt"/>
        <line num="23" count="1" type="stmt"/>
        <line num="27" count="11" type="stmt"/>
        <line num="29" count="11" type="cond" truecount="2" falsecount="0"/>
        <line num="31" count="5" type="cond" truecount="2" falsecount="0"/>
        <line num="33" count="1" type="stmt"/>
        <line num="35" count="4" type="stmt"/>
        <line num="37" count="6" type="stmt"/>
        <line num="41" count="1" type="stmt"/>
        <line num="44" count="1" type="stmt"/>
        <line num="45" count="1" type="stmt"/>
      </file>
    </package>
    <package name="src.js">
      <metrics statements="9" coveredstatements="9" conditionals="4" coveredconditionals="4" methods="1" coveredmethods="1"/>
      <file name="Validator.js" path="E:\IT_and_programing\Frontend\8.0_Homeworks\Task_7.1\src\js\Validator.js">
        <metrics statements="9" coveredstatements="9" conditionals="4" coveredconditionals="4" methods="1" coveredmethods="1"/>
        <line num="5" count="21" type="stmt"/>
        <line num="6" count="21" type="cond" truecount="2" falsecount="0"/>
        <line num="7" count="5" type="cond" truecount="2" falsecount="0"/>
        <line num="8" count="1" type="stmt"/>
        <line num="9" count="1" type="stmt"/>
        <line num="11" count="4" type="stmt"/>
        <line num="12" count="4" type="stmt"/>
        <line num="14" count="16" type="stmt"/>
        <line num="15" count="16" type="stmt"/>
      </file>
    </package>
  </project>
</coverage>
