{"E:\\IT_and_programing\\Frontend\\8.0_Homeworks\\Task_7.1\\dist\\js\\app.js": {"path":"E:\\IT_and_programing\\Frontend\\8.0_Homeworks\\Task_7.1\\dist\\js\\app.js","statementMap":{"0":{"start":{"line":1,"column":0},"end":{"line":1,"column":53}},"1":{"start":{"line":3,"column":0},"end":{"line":3,"column":42}},"2":{"start":{"line":5,"column":0},"end":{"line":5,"column":43}},"3":{"start":{"line":7,"column":0},"end":{"line":9,"column":3}},"4":{"start":{"line":10,"column":0},"end":{"line":10,"column":25}},"5":{"start":{"line":12,"column":50},"end":{"line":12,"column":151}},"6":{"start":{"line":12,"column":92},"end":{"line":12,"column":149}},"7":{"start":{"line":14,"column":44},"end":{"line":14,"column":317}},"8":{"start":{"line":14,"column":57},"end":{"line":14,"column":58}},"9":{"start":{"line":14,"column":104},"end":{"line":14,"column":112}},"10":{"start":{"line":14,"column":114},"end":{"line":14,"column":169}},"11":{"start":{"line":14,"column":170},"end":{"line":14,"column":201}},"12":{"start":{"line":14,"column":202},"end":{"line":14,"column":256}},"13":{"start":{"line":14,"column":229},"end":{"line":14,"column":256}},"14":{"start":{"line":14,"column":257},"end":{"line":14,"column":315}},"15":{"start":{"line":16,"column":62},"end":{"line":16,"column":131}},"16":{"start":{"line":16,"column":78},"end":{"line":16,"column":131}},"17":{"start":{"line":16,"column":132},"end":{"line":16,"column":193}},"18":{"start":{"line":16,"column":149},"end":{"line":16,"column":193}},"19":{"start":{"line":16,"column":194},"end":{"line":16,"column":213}},"20":{"start":{"line":18,"column":34},"end":{"line":42,"column":3}},"21":{"start":{"line":20,"column":4},"end":{"line":20,"column":37}},"22":{"start":{"line":23,"column":2},"end":{"line":39,"column":6}},"23":{"start":{"line":27,"column":20},"end":{"line":27,"column":57}},"24":{"start":{"line":29,"column":6},"end":{"line":36,"column":7}},"25":{"start":{"line":31,"column":8},"end":{"line":34,"column":9}},"26":{"start":{"line":33,"column":10},"end":{"line":33,"column":35}},"27":{"start":{"line":35,"column":8},"end":{"line":35,"column":20}},"28":{"start":{"line":37,"column":6},"end":{"line":37,"column":31}},"29":{"start":{"line":41,"column":2},"end":{"line":41,"column":19}},"30":{"start":{"line":44,"column":17},"end":{"line":44,"column":26}},"31":{"start":{"line":45,"column":0},"end":{"line":45,"column":27}}},"fnMap":{"0":{"name":"_classCallCheck","decl":{"start":{"line":12,"column":9},"end":{"line":12,"column":24}},"loc":{"start":{"line":12,"column":48},"end":{"line":12,"column":153}},"line":12},"1":{"name":"_defineProperties","decl":{"start":{"line":14,"column":9},"end":{"line":14,"column":26}},"loc":{"start":{"line":14,"column":42},"end":{"line":14,"column":319}},"line":14},"2":{"name":"_createClass","decl":{"start":{"line":16,"column":9},"end":{"line":16,"column":21}},"loc":{"start":{"line":16,"column":60},"end":{"line":16,"column":215}},"line":16},"3":{"name":"(anonymous_3)","decl":{"start":{"line":18,"column":34},"end":{"line":18,"column":35}},"loc":{"start":{"line":18,"column":46},"end":{"line":42,"column":1}},"line":18},"4":{"name":"Validator","decl":{"start":{"line":19,"column":11},"end":{"line":19,"column":20}},"loc":{"start":{"line":19,"column":23},"end":{"line":21,"column":3}},"line":19},"5":{"name":"validateUsername","decl":{"start":{"line":26,"column":20},"end":{"line":26,"column":36}},"loc":{"start":{"line":26,"column":43},"end":{"line":38,"column":5}},"line":26}},"branchMap":{"0":{"loc":{"start":{"line":12,"column":50},"end":{"line":12,"column":151}},"type":"if","locations":[{"start":{"line":12,"column":50},"end":{"line":12,"column":151}},{"start":{"line":12,"column":50},"end":{"line":12,"column":151}}],"line":12},"1":{"loc":{"start":{"line":14,"column":138},"end":{"line":14,"column":168}},"type":"binary-expr","locations":[{"start":{"line":14,"column":138},"end":{"line":14,"column":159}},{"start":{"line":14,"column":163},"end":{"line":14,"column":168}}],"line":14},"2":{"loc":{"start":{"line":14,"column":202},"end":{"line":14,"column":256}},"type":"if","locations":[{"start":{"line":14,"column":202},"end":{"line":14,"column":256}},{"start":{"line":14,"column":202},"end":{"line":14,"column":256}}],"line":14},"3":{"loc":{"start":{"line":16,"column":62},"end":{"line":16,"column":131}},"type":"if","locations":[{"start":{"line":16,"column":62},"end":{"line":16,"column":131}},{"start":{"line":16,"column":62},"end":{"line":16,"column":131}}],"line":16},"4":{"loc":{"start":{"line":16,"column":132},"end":{"line":16,"column":193}},"type":"if","locations":[{"start":{"line":16,"column":132},"end":{"line":16,"column":193}},{"start":{"line":16,"column":132},"end":{"line":16,"column":193}}],"line":16},"5":{"loc":{"start":{"line":29,"column":6},"end":{"line":36,"column":7}},"type":"if","locations":[{"start":{"line":29,"column":6},"end":{"line":36,"column":7}},{"start":{"line":29,"column":6},"end":{"line":36,"column":7}}],"line":29},"6":{"loc":{"start":{"line":31,"column":8},"end":{"line":34,"column":9}},"type":"if","locations":[{"start":{"line":31,"column":8},"end":{"line":34,"column":9}},{"start":{"line":31,"column":8},"end":{"line":34,"column":9}}],"line":31}},"s":{"0":1,"1":1,"2":1,"3":1,"4":1,"5":1,"6":0,"7":1,"8":1,"9":1,"10":1,"11":1,"12":1,"13":1,"14":1,"15":1,"16":1,"17":1,"18":0,"19":1,"20":1,"21":1,"22":1,"23":11,"24":11,"25":5,"26":1,"27":4,"28":6,"29":1,"30":1,"31":1},"f":{"0":1,"1":1,"2":1,"3":1,"4":1,"5":11},"b":{"0":[0,1],"1":[1,1],"2":[1,0],"3":[1,0],"4":[0,1],"5":[5,6],"6":[1,4]},"_coverageSchema":"1a1c01bbd47fc00a2c39e90264f33305004495a9","hash":"fdd1a56c929501ffe410d26c3f40a4b161eb3f92"}
,"E:\\IT_and_programing\\Frontend\\8.0_Homeworks\\Task_7.1\\src\\js\\app.js": {"path":"E:\\IT_and_programing\\Frontend\\8.0_Homeworks\\Task_7.1\\src\\js\\app.js","statementMap":{"0":{"start":{"line":4,"column":18},"end":{"line":4,"column":55}},"1":{"start":{"line":5,"column":4},"end":{"line":10,"column":5}},"2":{"start":{"line":6,"column":6},"end":{"line":8,"column":7}},"3":{"start":{"line":7,"column":8},"end":{"line":7,"column":33}},"4":{"start":{"line":9,"column":6},"end":{"line":9,"column":18}},"5":{"start":{"line":11,"column":4},"end":{"line":11,"column":29}}},"fnMap":{"0":{"name":"(anonymous_0)","decl":{"start":{"line":3,"column":2},"end":{"line":3,"column":3}},"loc":{"start":{"line":3,"column":25},"end":{"line":12,"column":3}},"line":3}},"branchMap":{"0":{"loc":{"start":{"line":5,"column":4},"end":{"line":10,"column":5}},"type":"if","locations":[{"start":{"line":5,"column":4},"end":{"line":10,"column":5}},{"start":{"line":5,"column":4},"end":{"line":10,"column":5}}],"line":5},"1":{"loc":{"start":{"line":6,"column":6},"end":{"line":8,"column":7}},"type":"if","locations":[{"start":{"line":6,"column":6},"end":{"line":8,"column":7}},{"start":{"line":6,"column":6},"end":{"line":8,"column":7}}],"line":6}},"s":{"0":11,"1":11,"2":5,"3":1,"4":4,"5":6},"f":{"0":11},"b":{"0":[5,6],"1":[1,4]},"_coverageSchema":"1a1c01bbd47fc00a2c39e90264f33305004495a9","hash":"ec120def3dda9497ad91137835403f67aa70e899"}
}
