TN:
SF:dist\js\app.js
FN:12,_classCallCheck
FN:14,_defineProperties
FN:16,_createClass
FN:18,(anonymous_3)
FN:19,Validator
FN:26,validateUsername
FNF:6
FNH:6
FNDA:1,_classCallCheck
FNDA:1,_defineProperties
FNDA:1,_createClass
FNDA:1,(anonymous_3)
FNDA:1,Validator
FNDA:11,validateUsername
DA:1,1
DA:3,1
DA:5,1
DA:7,1
DA:10,1
DA:12,1
DA:14,1
DA:16,1
DA:18,1
DA:20,1
DA:23,1
DA:27,11
DA:29,11
DA:31,5
DA:33,1
DA:35,4
DA:37,6
DA:41,1
DA:44,1
DA:45,1
LF:20
LH:20
BRDA:12,0,0,0
BRDA:12,0,1,1
BRDA:14,1,0,1
BRDA:14,1,1,1
BRDA:14,2,0,1
BRDA:14,2,1,0
BRDA:16,3,0,1
BRDA:16,3,1,0
BRDA:16,4,0,0
BRDA:16,4,1,1
BRDA:29,5,0,5
BRDA:29,5,1,6
BRDA:31,6,0,1
BRDA:31,6,1,4
BRF:14
BRH:10
end_of_record
TN:
SF:src\js\Validator.js
FN:4,(anonymous_0)
FNF:1
FNH:1
FNDA:21,(anonymous_0)
DA:5,21
DA:6,21
DA:7,5
DA:8,1
DA:9,1
DA:11,4
DA:12,4
DA:14,16
DA:15,16
LF:9
LH:9
BRDA:6,0,0,5
BRDA:6,0,1,16
BRDA:7,1,0,1
BRDA:7,1,1,4
BRF:4
BRH:4
end_of_record
